2018-07-25 12:19:55 8916 [Note] Plugin 'FEDERATED' is disabled.
2018-07-25 12:19:55 8892 [Note] Plugin 'FEDERATED' is disabled.
2018-07-25 12:19:55 5acc InnoDB: Warning: Using innodb_additional_mem_poool_siz is DEPRECATED. This option may be removed in future rreleases, together with the option innodb_use_sys_malloc and ith tthe InnoDB's internal memory alocator.

2018-07-25 12:19:55 8916 [Note] InnoDB: Using atomics to ref count buffer pool pages
22018-07-25 12:19:55 8892 [Note] InnoDB: The InnoDB memory heap is disabled
22018-07-5 12:19:55 8916 [Note] InnoDB: M Mutexes and rw_locks use Windows interlocked fctions
s
2018-17-25 15 129:55 8892 [Note] InnoDB: Memory barrier is not used
d
2018207-25 12:19:55 8916 8892 [Note] InnoDB: Compressed tables use 1.2.3
.2.3
2018-07-25 12:19:55 8816 [Note] InnoDB: Not using CPU crc32 instructions

2018-07-25 12:19:55 8916 [Note] InnoDB: Initializing buffer pool, size = 16.0M
2018-07-25 12:19:52 818-07-ot 1] InnoDB: Initiote] InnoDB: Completed initi 1li0M
tion of buffer pool
2018-07-25 12:19:55 8892 [Note] InnoDB: Completed initialization of buffer pool
2018-07-25 12:19:55 8892 [ERROR] InnoDB: C:\xampp\mysql\data\ibdata1 can't be opened in read-write mode
2018-07-25 12:19:55 8892 [ERROR] InnoDB: The system tablespace must be writable!
2018-07-25 12:19:55 8892 [ERROR] Plugin 'InnoDB' init function returned error.
2018-07-25 12:19:55 8892 [ERROR] Plugin 'InnoDB' registration as a STORAGE ENGINE failed.
2018-07-25 12:19:55 8892 [ERROR] Unknown/unsupported storage engine: InnoDB
2018-07-25 12:19:55 8892 [ERROR] Aborting

2018-07-25 12:19:55 8892 [Note] Binlog end
2018-07-25 12:19:55 8892 [Note] Shutting down plugin 'partition'
2018-07-25 12:19:55 8892 [Note] Shutting down plugin 'PERFORMANCE_SCHEMA'
2018-07-25 12:19:55 8892 [Note] Shutting down plugin 'INNODB_SYS_DATAFILES'
2018-07-25 12:19:55 8892 [Note] Shutting down plugin 'INNODB_SYS_TABLESPACES'
2018-07-25 12:19:55 8892 [Note] Shutting down plugin 'INNODB_SYS_FOREIGN_COLS'
2018-07-25 12:19:55 8892 [Note] Shutting down plugin 'INNODB_SYS_FOREIGN'
2018-07-25 12:19:55 8892 [Note] Shutting down plugin 'INNODB_SYS_FIELDS'
2018-07-25 12:19:55 8892 [Note] Shutting down plugin 'INNODB_SYS_COLUMNS'
2018-07-25 12:19:55 8892 [Note] Shutting down plugin 'INNODB_SYS_INDEXES'
2018-07-25 12:19:55 8892 [Note] Shutting down plugin 'INNODB_SYS_TABLESTATS'
2018-07-25 12:19:55 8892 [Note] Shutting down plugin 'INNODB_SYS_TABLES'
2018-07-25 12:19:55 8892 [Note] Shutting down plugin 'INNODB_FT_INDEX_TABLE'
2018-07-25 12:19:55 8892 [Note] Shutting down plugin 'INNODB_FT_INDEX_CACHE'
2018-07-25 12:19:55 8892 [Note] Shutting down plugin 'INNODB_FT_CONFIG'
2018-07-25 12:19:55 8916 [Note] InnoDB: High2e st:19:55 88ed file formattin Barracuda.
n 'INNODB_FT_BEING_DELETED'
2018-07-25 12:19:55 8892 [Note] Shutting down plugin 'INNODB_FT_DELETED'
2018-07-25 12:19:55 8892 [Note] Shutting down plugin 'INNODB_FT_DEFAULT_STOPWORD'
2018-07-25 12:19:55 8892 [Note] Shutting down plugin 'INNODB_METRICS'
2018-07-25 12:19:55 8892 [Note] Shutting down plugin 'INNODB_BUFFER_POOL_STATS'
2018-07-25 12:19:55 8892 [Note] Shutting down plugin 'INNODB_BUFFER_PAGE_LRU'
2018-07-25 12:19:55 8892 [Note] Shutting down plugin 'INNODB_BUFFER_PAGE'
2018-07-25 12:19:55 8892 [Note] Shutting down plugin 'INNODB_CMP_PER_INDEX_RESET'
2018-07-25 12:19:55 8892 [Note] Shutting down plugin 'INNODB_CMP_PER_INDEX'
2018-07-25 12:19:55 8892 [Note] Shutting down plugin 'INNODB_CMPMEM_RESET'
2018-07-25 12:19:55 8892 [Note] Shutting down plugin 'INNODB_CMPMEM'
2018-07-25 12:19:55 8892 [Note] Shutting down plugin 'INNODB_CMP_RESET'
2018-07-25 12:19:55 8892 [Note] Shutting down plugin 'INNODB_CMP'
2018-07-25 12:19:55 8892 [Note] Shutting down plugin 'INNODB_LOCK_WAITS'
2018-07-25 12:19:55 8892 [Note] Shutting down plugin 'INNODB_LOCKS'
2018-07-25 12:19:55 8892 [Note] Shutting down plugin 'INNODB_TRX'
2018-07-25 12:19:55 8892 [Note] Shutting down plugin 'BLACKHOLE'
2018-07-25 12:19:55 8892 [Note] Shutting down plugin 'ARCHIVE'
2018-07-25 12:19:55 8892 [Note] Shutting down plugin 'MRG_MYISAM'
2018-07-25 12:19:55 8892 [Note] Shutting down plugin 'MyISAM'
2018-07-25 12:19:55 8892 [Note] Shutting down plugin 'MEMORY'
2018-07-25 12:19:55 8892 [Note] Shutting down plugin 'CSV'
2018-07-25 12:19:55 8892 [Note] Shutting down plugin 'sha256_password'
2018-07-25 12:19:55 8892 [Note] Shutting down plugin 'mysql_old_password'
2018-07-25 12:19:55 8892 [Note] Shutting down plugin 'mysql_native_password'
2018-07-25 12:19:55 8892 [Note] Shutting down plugin 'binlog'
2018-07-25 12:19:55 8892 [Note] c:\xampp\mysql\bin\mysqld.exe: Shutdown complete

2018-07-25 12:19:55 8916 [Note] InnoDB: 128 rollback segment(s) are active.
2018-07-25 12:19:55 8916 [Note] InnoDB: Waiting for purge to start
2018-07-25 12:19:55 8916 [Note] InnoDB: 5.6.26 started; log sequence number 1665234
2018-07-25 12:19:55 8916 [Note] Server hostname (bind-address): '*'; port: 3306
2018-07-25 12:19:55 8916 [Note] IPv6 is available.
2018-07-25 12:19:55 8916 [Note]   - '::' resolves to '::';
2018-07-25 12:19:55 8916 [Note] Server socket created on IP: '::'.
2018-07-26 12:31:10 360 [Note] Plugin 'FEDERATED' is disabled.
2018-07-26 12:31:10 39f4 InnoDB: Warning: Using innodb_additional_mem_pool_size is DEPRECATED. This option may be removed in future releases, together with the option innodb_use_sys_malloc and with the InnoDB's internal memory allocator.
2018-07-26 12:31:10 360 [Note] InnoDB: Using atomics to ref count buffer pool pages
2018-07-26 12:31:10 360 [Note] InnoDB: The InnoDB memory heap is disabled
2018-07-26 12:31:10 360 [Note] InnoDB: Mutexes and rw_locks use Windows interlocked functions
2018-07-26 12:31:10 360 [Note] InnoDB: Memory barrier is not used
2018-07-26 12:31:10 360 [Note] InnoDB: Compressed tables use zlib 1.2.3
2018-07-26 12:31:10 360 [Note] InnoDB: Not using CPU crc32 instructions
2018-07-26 12:31:10 360 [Note] InnoDB: Initializing buffer pool, size = 16.0M
2018-07-26 12:31:10 360 [Note] InnoDB: Completed initialization of buffer pool
2018-07-26 12:31:10 360 [Note] InnoDB: Highest supported file format is Barracuda.
2018-07-26 12:31:10 360 [Note] InnoDB: The log sequence numbers 1665234 and 1665234 in ibdata files do not match the log sequence number 1669459 in the ib_logfiles!
2018-07-26 12:31:10 360 [Note] InnoDB: Database was not shutdown normally!
2018-07-26 12:31:10 360 [Note] InnoDB: Starting crash recovery.
2018-07-26 12:31:10 360 [Note] InnoDB: Reading tablespace information from the .ibd files...
2018-07-26 12:31:11 360 [Note] InnoDB: Restoring possible half-written data pages 
2018-07-26 12:31:11 360 [Note] InnoDB: from the doublewrite buffer...
2018-07-26 12:31:11 360 [Note] InnoDB: 128 rollback segment(s) are active.
2018-07-26 12:31:11 360 [Note] InnoDB: Waiting for purge to start
2018-07-26 12:31:11 360 [Note] InnoDB: 5.6.26 started; log sequence number 1669459
2018-07-26 12:31:11 360 [Note] Server hostname (bind-address): '*'; port: 3306
2018-07-26 12:31:11 360 [Note] IPv6 is available.
2018-07-26 12:31:11 360 [Note]   - '::' resolves to '::';
2018-07-26 12:31:11 360 [Note] Server socket created on IP: '::'.
2018-07-26 13:24:09 9276 [Note] Plugin 'FEDERATED' is disabled.
2018-07-26 13:24:09 3d20 InnoDB: Warning: Using innodb_additional_mem_pool_size is DEPRECATED. This option may be removed in future releases, together with the option innodb_use_sys_malloc and with the InnoDB's internal memory allocator.
2018-07-26 13:24:09 9276 [Note] InnoDB: Using atomics to ref count buffer pool pages
2018-07-26 13:24:09 9276 [Note] InnoDB: The InnoDB memory heap is disabled
2018-07-26 13:24:09 9276 [Note] InnoDB: Mutexes and rw_locks use Windows interlocked functions
2018-07-26 13:24:09 9276 [Note] InnoDB: Memory barrier is not used
2018-07-26 13:24:09 9276 [Note] InnoDB: Compressed tables use zlib 1.2.3
2018-07-26 13:24:09 9276 [Note] InnoDB: Not using CPU crc32 instructions
2018-07-26 13:24:09 9276 [Note] InnoDB: Initializing buffer pool, size = 16.0M
2018-07-26 13:24:09 9276 [Note] InnoDB: Completed initialization of buffer pool
2018-07-26 13:24:09 9276 [Note] InnoDB: Highest supported file format is Barracuda.
2018-07-26 13:24:09 9276 [Note] InnoDB: The log sequence numbers 1665234 and 1665234 in ibdata files do not match the log sequence number 1669469 in the ib_logfiles!
2018-07-26 13:24:09 9276 [Note] InnoDB: Database was not shutdown normally!
2018-07-26 13:24:09 9276 [Note] InnoDB: Starting crash recovery.
2018-07-26 13:24:09 9276 [Note] InnoDB: Reading tablespace information from the .ibd files...
2018-07-26 13:24:09 9276 [Note] InnoDB: Restoring possible half-written data pages 
2018-07-26 13:24:09 9276 [Note] InnoDB: from the doublewrite buffer...
2018-07-26 13:24:09 9276 [Note] InnoDB: 128 rollback segment(s) are active.
2018-07-26 13:24:09 9276 [Note] InnoDB: Waiting for purge to start
2018-07-26 13:24:09 9276 [Note] InnoDB: 5.6.26 started; log sequence number 1669469
2018-07-26 13:24:09 9276 [Note] Server hostname (bind-address): '*'; port: 3306
2018-07-26 13:24:09 9276 [Note] IPv6 is available.
2018-07-26 13:24:09 9276 [Note]   - '::' resolves to '::';
2018-07-26 13:24:09 9276 [Note] Server socket created on IP: '::'.
2018-07-27 10:49:52 15688 [Note] Plugin 'FEDERATED' is disabled.
2018-07-27 10:49:52 21e4 InnoDB: Warning: Using innodb_additional_mem_pool_size is DEPRECATED. This option may be removed in future releases, together with the option innodb_use_sys_malloc and with the InnoDB's internal memory allocator.
2018-07-27 10:49:52 15688 [Note] InnoDB: Using atomics to ref count buffer pool pages
2018-07-27 10:49:52 15688 [Note] InnoDB: The InnoDB memory heap is disabled
2018-07-27 10:49:52 15688 [Note] InnoDB: Mutexes and rw_locks use Windows interlocked functions
2018-07-27 10:49:52 15688 [Note] InnoDB: Memory barrier is not used
2018-07-27 10:49:52 15688 [Note] InnoDB: Compressed tables use zlib 1.2.3
2018-07-27 10:49:52 15688 [Note] InnoDB: Not using CPU crc32 instructions
2018-07-27 10:49:52 15688 [Note] InnoDB: Initializing buffer pool, size = 16.0M
2018-07-27 10:49:52 15688 [Note] InnoDB: Completed initialization of buffer pool
2018-07-27 10:49:52 15688 [Note] InnoDB: Highest supported file format is Barracuda.
2018-07-27 10:49:52 15688 [Note] InnoDB: Log scan progressed past the checkpoint lsn 1774754
2018-07-27 10:49:52 15688 [Note] InnoDB: Database was not shutdown normally!
2018-07-27 10:49:52 15688 [Note] InnoDB: Starting crash recovery.
2018-07-27 10:49:52 15688 [Note] InnoDB: Reading tablespace information from the .ibd files...
2018-07-27 10:49:52 15688 [Note] InnoDB: Restoring possible half-written data pages 
2018-07-27 10:49:52 15688 [Note] InnoDB: from the doublewrite buffer...
InnoDB: Doing recovery: scanned up to log sequence number 1782035
2018-07-27 10:49:52 15688 [Note] InnoDB: Starting an apply batch of log records to the database...
InnoDB: Progress in percent: 8 9 10 11 12 13 14 15 16 17 18 19 20 21 22 23 24 25 26 27 28 29 30 31 32 33 34 35 36 37 38 39 40 41 42 43 44 45 46 47 48 49 50 51 52 53 54 55 56 57 58 59 60 61 62 63 64 65 66 67 68 69 70 71 72 73 74 75 76 77 78 79 80 81 82 83 84 85 86 87 88 89 90 91 92 93 94 95 96 97 98 99 
InnoDB: Apply batch completed
2018-07-27 10:49:53 15688 [Note] InnoDB: 128 rollback segment(s) are active.
2018-07-27 10:49:53 15688 [Note] InnoDB: Waiting for purge to start
2018-07-27 10:49:53 15688 [Note] InnoDB: 5.6.26 started; log sequence number 1782035
2018-07-27 10:49:53 15688 [Note] Server hostname (bind-address): '*'; port: 3306
2018-07-27 10:49:53 15688 [Note] IPv6 is available.
2018-07-27 10:49:53 15688 [Note]   - '::' resolves to '::';
2018-07-27 10:49:53 15688 [Note] Server socket created on IP: '::'.
2018-07-27 10:49:54 15688 [Note] Event Scheduler: Loaded 0 events
2018-07-27 10:49:54 15688 [Note] c:\xampp\mysql\bin\mysqld.exe: ready for connections.
Version: '5.6.26'  socket: ''  port: 3306  MySQL Community Server (GPL)
2018-07-27 10:50:02 15688 [Warning] InnoDB: table chedapp/4qheaderfile contains 5 user defined columns in InnoDB, but 6 columns in MySQL. Please check INFORMATION_SCHEMA.INNODB_SYS_COLUMNS and http://dev.mysql.com/doc/refman/5.6/en/innodb-troubleshooting.html for how to resolve it
2018-07-27 10:50:02 15688 [Warning] InnoDB: Cannot open table chedapp/4qheaderfile from the internal data dictionary of InnoDB though the .frm file for the table exists. See http://dev.mysql.com/doc/refman/5.6/en/innodb-troubleshooting.html for how you can resolve the problem.
2018-07-27 10:50:05 436c  InnoDB: table "chedapp"."4qheaderfile"is corrupted. Please drop the table and recreate
2018-07-27 10:50:05 15688 [Warning] InnoDB: Cannot open table chedapp/4qheaderfile from the internal data dictionary of InnoDB though the .frm file for the table exists. See http://dev.mysql.com/doc/refman/5.6/en/innodb-troubleshooting.html for how you can resolve the problem.
2018-07-27 10:50:09 2688  InnoDB: table "chedapp"."4qheaderfile"is corrupted. Please drop the table and recreate
2018-07-27 10:50:09 15688 [Warning] InnoDB: Cannot open table chedapp/4qheaderfile from the internal data dictionary of InnoDB though the .frm file for the table exists. See http://dev.mysql.com/doc/refman/5.6/en/innodb-troubleshooting.html for how you can resolve the problem.
2018-07-27 10:50:11 436c  InnoDB: table "chedapp"."4qheaderfile"is corrupted. Please drop the table and recreate
2018-07-27 10:50:11 15688 [Warning] InnoDB: Cannot open table chedapp/4qheaderfile from the internal data dictionary of InnoDB though the .frm file for the table exists. See http://dev.mysql.com/doc/refman/5.6/en/innodb-troubleshooting.html for how you can resolve the problem.
2018-07-27 10:50:13 2688  InnoDB: table "chedapp"."4qheaderfile"is corrupted. Please drop the table and recreate
2018-07-27 10:50:13 15688 [Warning] InnoDB: Cannot open table chedapp/4qheaderfile from the internal data dictionary of InnoDB though the .frm file for the table exists. See http://dev.mysql.com/doc/refman/5.6/en/innodb-troubleshooting.html for how you can resolve the problem.
2018-07-27 10:50:15 436c  InnoDB: table "chedapp"."4qheaderfile"is corrupted. Please drop the table and recreate
2018-07-27 10:50:15 15688 [Warning] InnoDB: Cannot open table chedapp/4qheaderfile from the internal data dictionary of InnoDB though the .frm file for the table exists. See http://dev.mysql.com/doc/refman/5.6/en/innodb-troubleshooting.html for how you can resolve the problem.
2018-07-27 10:50:15 436c  InnoDB: table "chedapp"."4qheaderfile"is corrupted. Please drop the table and recreate
2018-07-27 10:50:15 15688 [Warning] InnoDB: Cannot open table chedapp/4qheaderfile from the internal data dictionary of InnoDB though the .frm file for the table exists. See http://dev.mysql.com/doc/refman/5.6/en/innodb-troubleshooting.html for how you can resolve the problem.
2018-07-27 10:50:15 436c  InnoDB: table "chedapp"."4qheaderfile"is corrupted. Please drop the table and recreate
2018-07-27 10:50:15 15688 [Warning] InnoDB: Cannot open table chedapp/4qheaderfile from the internal data dictionary of InnoDB though the .frm file for the table exists. See http://dev.mysql.com/doc/refman/5.6/en/innodb-troubleshooting.html for how you can resolve the problem.
2018-07-27 10:50:15 436c  InnoDB: table "chedapp"."4qheaderfile"is corrupted. Please drop the table and recreate
2018-07-27 10:50:15 15688 [Warning] InnoDB: Cannot open table chedapp/4qheaderfile from the internal data dictionary of InnoDB though the .frm file for the table exists. See http://dev.mysql.com/doc/refman/5.6/en/innodb-troubleshooting.html for how you can resolve the problem.
2018-07-27 10:50:15 436c  InnoDB: table "chedapp"."4qheaderfile"is corrupted. Please drop the table and recreate
2018-07-27 10:50:15 15688 [Warning] InnoDB: Cannot open table chedapp/4qheaderfile from the internal data dictionary of InnoDB though the .frm file for the table exists. See http://dev.mysql.com/doc/refman/5.6/en/innodb-troubleshooting.html for how you can resolve the problem.
2018-07-27 10:50:15 436c  InnoDB: table "chedapp"."4qheaderfile"is corrupted. Please drop the table and recreate
2018-07-27 10:50:15 15688 [Warning] InnoDB: Cannot open table chedapp/4qheaderfile from the internal data dictionary of InnoDB though the .frm file for the table exists. See http://dev.mysql.com/doc/refman/5.6/en/innodb-troubleshooting.html for how you can resolve the problem.
2018-07-27 10:50:15 436c  InnoDB: table "chedapp"."4qheaderfile"is corrupted. Please drop the table and recreate
2018-07-27 10:50:15 15688 [Warning] InnoDB: Cannot open table chedapp/4qheaderfile from the internal data dictionary of InnoDB though the .frm file for the table exists. See http://dev.mysql.com/doc/refman/5.6/en/innodb-troubleshooting.html for how you can resolve the problem.
2018-07-27 10:50:15 436c  InnoDB: table "chedapp"."4qheaderfile"is corrupted. Please drop the table and recreate
2018-07-27 10:50:15 15688 [Warning] InnoDB: Cannot open table chedapp/4qheaderfile from the internal data dictionary of InnoDB though the .frm file for the table exists. See http://dev.mysql.com/doc/refman/5.6/en/innodb-troubleshooting.html for how you can resolve the problem.
2018-07-27 10:50:15 436c  InnoDB: table "chedapp"."4qheaderfile"is corrupted. Please drop the table and recreate
2018-07-27 10:50:15 15688 [Warning] InnoDB: Cannot open table chedapp/4qheaderfile from the internal data dictionary of InnoDB though the .frm file for the table exists. See http://dev.mysql.com/doc/refman/5.6/en/innodb-troubleshooting.html for how you can resolve the problem.
2018-07-27 10:50:15 436c  InnoDB: table "chedapp"."4qheaderfile"is corrupted. Please drop the table and recreate
2018-07-27 10:50:15 15688 [Warning] InnoDB: Cannot open table chedapp/4qheaderfile from the internal data dictionary of InnoDB though the .frm file for the table exists. See http://dev.mysql.com/doc/refman/5.6/en/innodb-troubleshooting.html for how you can resolve the problem.
2018-07-27 10:50:15 436c  InnoDB: table "chedapp"."4qheaderfile"is corrupted. Please drop the table and recreate
2018-07-27 10:50:15 15688 [Warning] InnoDB: Cannot open table chedapp/4qheaderfile from the internal data dictionary of InnoDB though the .frm file for the table exists. See http://dev.mysql.com/doc/refman/5.6/en/innodb-troubleshooting.html for how you can resolve the problem.
2018-07-27 10:50:15 436c  InnoDB: table "chedapp"."4qheaderfile"is corrupted. Please drop the table and recreate
2018-07-27 10:50:15 15688 [Warning] InnoDB: Cannot open table chedapp/4qheaderfile from the internal data dictionary of InnoDB though the .frm file for the table exists. See http://dev.mysql.com/doc/refman/5.6/en/innodb-troubleshooting.html for how you can resolve the problem.
2018-07-27 10:50:15 436c  InnoDB: table "chedapp"."4qheaderfile"is corrupted. Please drop the table and recreate
2018-07-27 10:50:15 15688 [Warning] InnoDB: Cannot open table chedapp/4qheaderfile from the internal data dictionary of InnoDB though the .frm file for the table exists. See http://dev.mysql.com/doc/refman/5.6/en/innodb-troubleshooting.html for how you can resolve the problem.
2018-07-27 10:50:15 436c  InnoDB: table "chedapp"."4qheaderfile"is corrupted. Please drop the table and recreate
2018-07-27 10:50:15 15688 [Warning] InnoDB: Cannot open table chedapp/4qheaderfile from the internal data dictionary of InnoDB though the .frm file for the table exists. See http://dev.mysql.com/doc/refman/5.6/en/innodb-troubleshooting.html for how you can resolve the problem.
2018-07-27 10:50:16 436c  InnoDB: table "chedapp"."4qheaderfile"is corrupted. Please drop the table and recreate
2018-07-27 10:50:16 15688 [Warning] InnoDB: Cannot open table chedapp/4qheaderfile from the internal data dictionary of InnoDB though the .frm file for the table exists. See http://dev.mysql.com/doc/refman/5.6/en/innodb-troubleshooting.html for how you can resolve the problem.
2018-07-27 10:50:16 436c  InnoDB: table "chedapp"."4qheaderfile"is corrupted. Please drop the table and recreate
2018-07-27 10:50:16 15688 [Warning] InnoDB: Cannot open table chedapp/4qheaderfile from the internal data dictionary of InnoDB though the .frm file for the table exists. See http://dev.mysql.com/doc/refman/5.6/en/innodb-troubleshooting.html for how you can resolve the problem.
2018-07-27 10:50:16 436c  InnoDB: table "chedapp"."4qheaderfile"is corrupted. Please drop the table and recreate
2018-07-27 10:50:16 15688 [Warning] InnoDB: Cannot open table chedapp/4qheaderfile from the internal data dictionary of InnoDB though the .frm file for the table exists. See http://dev.mysql.com/doc/refman/5.6/en/innodb-troubleshooting.html for how you can resolve the problem.
2018-07-27 10:50:16 436c  InnoDB: table "chedapp"."4qheaderfile"is corrupted. Please drop the table and recreate
2018-07-27 10:50:16 15688 [Warning] InnoDB: Cannot open table chedapp/4qheaderfile from the internal data dictionary of InnoDB though the .frm file for the table exists. See http://dev.mysql.com/doc/refman/5.6/en/innodb-troubleshooting.html for how you can resolve the problem.
2018-07-27 10:50:16 436c  InnoDB: table "chedapp"."4qheaderfile"is corrupted. Please drop the table and recreate
2018-07-27 10:50:16 15688 [Warning] InnoDB: Cannot open table chedapp/4qheaderfile from the internal data dictionary of InnoDB though the .frm file for the table exists. See http://dev.mysql.com/doc/refman/5.6/en/innodb-troubleshooting.html for how you can resolve the problem.
2018-07-27 10:50:24 436c  InnoDB: table "chedapp"."4qheaderfile"is corrupted. Please drop the table and recreate
2018-07-27 10:50:24 15688 [Warning] InnoDB: Cannot open table chedapp/4qheaderfile from the internal data dictionary of InnoDB though the .frm file for the table exists. See http://dev.mysql.com/doc/refman/5.6/en/innodb-troubleshooting.html for how you can resolve the problem.
2018-07-27 10:50:26 2688  InnoDB: table "chedapp"."4qheaderfile"is corrupted. Please drop the table and recreate
2018-07-27 10:50:26 15688 [Warning] InnoDB: Cannot open table chedapp/4qheaderfile from the internal data dictionary of InnoDB though the .frm file for the table exists. See http://dev.mysql.com/doc/refman/5.6/en/innodb-troubleshooting.html for how you can resolve the problem.
2018-07-27 10:50:29 436c  InnoDB: table "chedapp"."4qheaderfile"is corrupted. Please drop the table and recreate
2018-07-27 10:50:29 15688 [Warning] InnoDB: Cannot open table chedapp/4qheaderfile from the internal data dictionary of InnoDB though the .frm file for the table exists. See http://dev.mysql.com/doc/refman/5.6/en/innodb-troubleshooting.html for how you can resolve the problem.
2018-07-27 10:50:53 2688  InnoDB: table "chedapp"."4qheaderfile"is corrupted. Please drop the table and recreate
2018-07-27 10:50:53 15688 [Warning] InnoDB: Cannot open table chedapp/4qheaderfile from the internal data dictionary of InnoDB though the .frm file for the table exists. See http://dev.mysql.com/doc/refman/5.6/en/innodb-troubleshooting.html for how you can resolve the problem.
2018-07-27 10:53:39 436c  InnoDB: table "chedapp"."4qheaderfile"is corrupted. Please drop the table and recreate
2018-07-27 10:53:39 15688 [Warning] InnoDB: Cannot open table chedapp/4qheaderfile from the internal data dictionary of InnoDB though the .frm file for the table exists. See http://dev.mysql.com/doc/refman/5.6/en/innodb-troubleshooting.html for how you can resolve the problem.
2018-07-27 10:53:39 436c  InnoDB: table "chedapp"."4qheaderfile"is corrupted. Please drop the table and recreate
2018-07-27 10:53:39 15688 [Warning] InnoDB: Cannot open table chedapp/4qheaderfile from the internal data dictionary of InnoDB though the .frm file for the table exists. See http://dev.mysql.com/doc/refman/5.6/en/innodb-troubleshooting.html for how you can resolve the problem.
2018-07-27 10:55:23 436c  InnoDB: table "chedapp"."4qheaderfile"is corrupted. Please drop the table and recreate
2018-07-27 10:55:23 15688 [Warning] InnoDB: Cannot open table chedapp/4qheaderfile from the internal data dictionary of InnoDB though the .frm file for the table exists. See http://dev.mysql.com/doc/refman/5.6/en/innodb-troubleshooting.html for how you can resolve the problem.
2018-07-27 10:55:23 2688  InnoDB: table "chedapp"."4qheaderfile"is corrupted. Please drop the table and recreate
2018-07-27 10:55:23 15688 [Warning] InnoDB: Cannot open table chedapp/4qheaderfile from the internal data dictionary of InnoDB though the .frm file for the table exists. See http://dev.mysql.com/doc/refman/5.6/en/innodb-troubleshooting.html for how you can resolve the problem.
