[Wed Jul 25 10:49:00.780350 2018] [ssl:warn] [pid 6588:tid 644] AH01909: www.example.com:443:0 server certificate does NOT include an ID which matches the server name
[Wed Jul 25 10:49:01.259709 2018] [ssl:warn] [pid 6588:tid 644] AH01909: www.example.com:443:0 server certificate does NOT include an ID which matches the server name
[Wed Jul 25 10:49:01.513545 2018] [mpm_winnt:notice] [pid 6588:tid 644] AH00455: Apache/2.4.16 (Win32) OpenSSL/1.0.1p PHP/5.6.12 configured -- resuming normal operations
[Wed Jul 25 10:49:01.513545 2018] [mpm_winnt:notice] [pid 6588:tid 644] AH00456: Apache Lounge VC11 Server built: Jul 12 2015 10:56:48
[Wed Jul 25 10:49:01.513545 2018] [core:notice] [pid 6588:tid 644] AH00094: Command line: 'C:\\xampp\\apache\\bin\\httpd.exe -d C:/xampp/apache'
[Wed Jul 25 10:49:01.527214 2018] [mpm_winnt:notice] [pid 6588:tid 644] AH00418: Parent: Created child process 4928
[Wed Jul 25 10:49:03.705322 2018] [ssl:warn] [pid 4928:tid 700] AH01909: www.example.com:443:0 server certificate does NOT include an ID which matches the server name
[Wed Jul 25 10:49:04.072406 2018] [ssl:warn] [pid 4928:tid 700] AH01909: www.example.com:443:0 server certificate does NOT include an ID which matches the server name
[Wed Jul 25 10:49:04.143676 2018] [mpm_winnt:notice] [pid 4928:tid 700] AH00354: Child: Starting 150 worker threads.
[Wed Jul 25 12:21:32.369465 2018] [ssl:warn] [pid 8008:tid 604] AH01909: www.example.com:443:0 server certificate does NOT include an ID which matches the server name
[Wed Jul 25 12:21:32.453411 2018] [core:warn] [pid 8008:tid 604] AH00098: pid file C:/xampp/apache/logs/httpd.pid overwritten -- Unclean shutdown of previous Apache run?
[Wed Jul 25 12:21:32.576336 2018] [ssl:warn] [pid 8008:tid 604] AH01909: www.example.com:443:0 server certificate does NOT include an ID which matches the server name
[Wed Jul 25 12:21:33.347863 2018] [mpm_winnt:notice] [pid 8008:tid 604] AH00455: Apache/2.4.16 (Win32) OpenSSL/1.0.1p PHP/5.6.12 configured -- resuming normal operations
[Wed Jul 25 12:21:33.347863 2018] [mpm_winnt:notice] [pid 8008:tid 604] AH00456: Apache Lounge VC11 Server built: Jul 12 2015 10:56:48
[Wed Jul 25 12:21:33.347863 2018] [core:notice] [pid 8008:tid 604] AH00094: Command line: 'c:\\xampp\\apache\\bin\\httpd.exe -d C:/xampp/apache'
[Wed Jul 25 12:21:33.354858 2018] [mpm_winnt:notice] [pid 8008:tid 604] AH00418: Parent: Created child process 12528
[Wed Jul 25 12:21:34.755996 2018] [ssl:warn] [pid 12528:tid 648] AH01909: www.example.com:443:0 server certificate does NOT include an ID which matches the server name
[Wed Jul 25 12:21:34.969867 2018] [ssl:warn] [pid 12528:tid 648] AH01909: www.example.com:443:0 server certificate does NOT include an ID which matches the server name
[Wed Jul 25 12:21:35.029827 2018] [mpm_winnt:notice] [pid 12528:tid 648] AH00354: Child: Starting 150 worker threads.
[Thu Jul 26 12:31:11.109211 2018] [ssl:warn] [pid 1632:tid 616] AH01909: www.example.com:443:0 server certificate does NOT include an ID which matches the server name
[Thu Jul 26 12:31:11.192196 2018] [core:warn] [pid 1632:tid 616] AH00098: pid file C:/xampp/apache/logs/httpd.pid overwritten -- Unclean shutdown of previous Apache run?
[Thu Jul 26 12:31:11.338497 2018] [ssl:warn] [pid 1632:tid 616] AH01909: www.example.com:443:0 server certificate does NOT include an ID which matches the server name
[Thu Jul 26 12:31:12.138814 2018] [mpm_winnt:notice] [pid 1632:tid 616] AH00455: Apache/2.4.16 (Win32) OpenSSL/1.0.1p PHP/5.6.12 configured -- resuming normal operations
[Thu Jul 26 12:31:12.138814 2018] [mpm_winnt:notice] [pid 1632:tid 616] AH00456: Apache Lounge VC11 Server built: Jul 12 2015 10:56:48
[Thu Jul 26 12:31:12.138814 2018] [core:notice] [pid 1632:tid 616] AH00094: Command line: 'c:\\xampp\\apache\\bin\\httpd.exe -d C:/xampp/apache'
[Thu Jul 26 12:31:12.146626 2018] [mpm_winnt:notice] [pid 1632:tid 616] AH00418: Parent: Created child process 12852
[Thu Jul 26 12:31:13.593306 2018] [ssl:warn] [pid 12852:tid 688] AH01909: www.example.com:443:0 server certificate does NOT include an ID which matches the server name
[Thu Jul 26 12:31:13.792471 2018] [ssl:warn] [pid 12852:tid 688] AH01909: www.example.com:443:0 server certificate does NOT include an ID which matches the server name
[Thu Jul 26 12:31:13.838355 2018] [mpm_winnt:notice] [pid 12852:tid 688] AH00354: Child: Starting 150 worker threads.
[Thu Jul 26 13:24:10.004824 2018] [ssl:warn] [pid 16268:tid 652] AH01909: www.example.com:443:0 server certificate does NOT include an ID which matches the server name
[Thu Jul 26 13:24:10.087447 2018] [core:warn] [pid 16268:tid 652] AH00098: pid file C:/xampp/apache/logs/httpd.pid overwritten -- Unclean shutdown of previous Apache run?
[Thu Jul 26 13:24:10.228032 2018] [ssl:warn] [pid 16268:tid 652] AH01909: www.example.com:443:0 server certificate does NOT include an ID which matches the server name
[Thu Jul 26 13:24:10.370520 2018] [mpm_winnt:notice] [pid 16268:tid 652] AH00455: Apache/2.4.16 (Win32) OpenSSL/1.0.1p PHP/5.6.12 configured -- resuming normal operations
[Thu Jul 26 13:24:10.371498 2018] [mpm_winnt:notice] [pid 16268:tid 652] AH00456: Apache Lounge VC11 Server built: Jul 12 2015 10:56:48
[Thu Jul 26 13:24:10.371498 2018] [core:notice] [pid 16268:tid 652] AH00094: Command line: 'c:\\xampp\\apache\\bin\\httpd.exe -d C:/xampp/apache'
[Thu Jul 26 13:24:10.376379 2018] [mpm_winnt:notice] [pid 16268:tid 652] AH00418: Parent: Created child process 16300
[Thu Jul 26 13:24:11.774516 2018] [ssl:warn] [pid 16300:tid 660] AH01909: www.example.com:443:0 server certificate does NOT include an ID which matches the server name
[Thu Jul 26 13:24:11.973717 2018] [ssl:warn] [pid 16300:tid 660] AH01909: www.example.com:443:0 server certificate does NOT include an ID which matches the server name
[Thu Jul 26 13:24:12.019605 2018] [mpm_winnt:notice] [pid 16300:tid 660] AH00354: Child: Starting 150 worker threads.
